[debug] [2021-11-24T21:11:12.826Z] ----------------------------------------------------------------------
[debug] [2021-11-24T21:11:12.828Z] Command:       C:\Program Files\nodejs\node.exe C:\Users\dell\AppData\Roaming\npm\node_modules\firebase-tools\lib\bin\firebase.js init
[debug] [2021-11-24T21:11:12.828Z] CLI Version:   9.21.0
[debug] [2021-11-24T21:11:12.828Z] Platform:      win32
[debug] [2021-11-24T21:11:12.829Z] Node Version:  v14.17.2
[debug] [2021-11-24T21:11:12.829Z] Time:          Thu Nov 25 2021 00:11:12 GMT+0300 (GMT+03:00)
[debug] [2021-11-24T21:11:12.829Z] ----------------------------------------------------------------------
[debug] 
[debug] [2021-11-24T21:11:12.831Z] >>> [apiv2][query] GET https://firebase-public.firebaseio.com/cli.json [none]
[debug] [2021-11-24T21:11:12.854Z] > command requires scopes: ["email","openid","https://www.googleapis.com/auth/cloudplatformprojects.readonly","https://www.googleapis.com/auth/firebase","https://www.googleapis.com/auth/cloud-platform"]
[debug] [2021-11-24T21:11:12.855Z] > authorizing via signed-in user (strtanvirahmed@gmail.com)
[info] 
     ######## #### ########  ######## ########     ###     ######  ########
     ##        ##  ##     ## ##       ##     ##  ##   ##  ##       ##
     ######    ##  ########  ######   ########  #########  ######  ######
     ##        ##  ##    ##  ##       ##     ## ##     ##       ## ##
     ##       #### ##     ## ######## ########  ##     ##  ######  ########

You're about to initialize a Firebase project in this directory:

  C:\projects\portfolio\myportfolio2

Before we get started, keep in mind:

  * You are currently outside your home directory

[debug] [2021-11-24T21:11:13.596Z] <<< [apiv2][status] GET https://firebase-public.firebaseio.com/cli.json 200
[debug] [2021-11-24T21:11:13.597Z] <<< [apiv2][body] GET https://firebase-public.firebaseio.com/cli.json {"cloudBuildErrorAfter":1594252800000,"cloudBuildWarnAfter":1590019200000,"defaultNode10After":1594252800000,"minVersion":"3.0.5","node8DeploysDisabledAfter":1613390400000,"node8RuntimeDisabledAfter":1615809600000,"node8WarnAfter":1600128000000}
